0 info it worked if it ends with ok
1 verbose cli [ '/Users/jordan/.nvm/v0.11.16/bin/node',
1 verbose cli   '/Users/jordan/.nvm/v0.11.16/bin/npm',
1 verbose cli   'install',
1 verbose cli   '--save',
1 verbose cli   'uiGmapgoogle-maps' ]
2 info using npm@2.3.0
3 info using node@v0.11.16
4 warn package.json karma-coffee-preprocessor@0.2.1 No README data
5 warn package.json karma-firefox-launcher@0.1.4 No README data
6 warn package.json passport-local@0.1.6 No README data
7 silly cache add args [ 'uiGmapgoogle-maps', null ]
8 verbose cache add spec uiGmapgoogle-maps
9 silly cache add parsed spec { raw: 'uiGmapgoogle-maps',
9 silly cache add   scope: null,
9 silly cache add   name: 'uiGmapgoogle-maps',
9 silly cache add   rawSpec: '',
9 silly cache add   spec: '*',
9 silly cache add   type: 'range' }
10 verbose addNamed uiGmapgoogle-maps@*
11 silly addNamed semver.valid null
12 silly addNamed semver.validRange *
13 silly addNameRange { name: 'uiGmapgoogle-maps', range: '*', hasData: false }
14 silly mapToRegistry name uiGmapgoogle-maps
15 silly mapToRegistry using default registry
16 silly mapToRegistry registry https://registry.npmjs.org/
17 silly mapToRegistry uri https://registry.npmjs.org/uiGmapgoogle-maps
18 verbose addNameRange registry:https://registry.npmjs.org/uiGmapgoogle-maps not in flight; fetching
19 verbose request uri https://registry.npmjs.org/uiGmapgoogle-maps
20 verbose request no auth needed
21 info attempt registry request try #1 at 6:41:06 PM
22 verbose request id ce2222a265df06f1
23 http request GET https://registry.npmjs.org/uiGmapgoogle-maps
24 http 404 https://registry.npmjs.org/uiGmapgoogle-maps
25 verbose headers { date: 'Tue, 31 Mar 2015 23:41:07 GMT',
25 verbose headers   server: 'CouchDB/1.5.0 (Erlang OTP/R16B03)',
25 verbose headers   'content-type': 'application/json',
25 verbose headers   'cache-control': 'max-age=0',
25 verbose headers   'content-length': '51',
25 verbose headers   'accept-ranges': 'bytes',
25 verbose headers   via: '1.1 varnish',
25 verbose headers   age: '0',
25 verbose headers   'x-served-by': 'cache-ord1723-ORD',
25 verbose headers   'x-cache': 'MISS',
25 verbose headers   'x-cache-hits': '0',
25 verbose headers   'x-timer': 'S1427845267.718817,VS0,VE43',
25 verbose headers   'keep-alive': 'timeout=10, max=50',
25 verbose headers   connection: 'Keep-Alive' }
26 silly get cb [ 404,
26 silly get   { date: 'Tue, 31 Mar 2015 23:41:07 GMT',
26 silly get     server: 'CouchDB/1.5.0 (Erlang OTP/R16B03)',
26 silly get     'content-type': 'application/json',
26 silly get     'cache-control': 'max-age=0',
26 silly get     'content-length': '51',
26 silly get     'accept-ranges': 'bytes',
26 silly get     via: '1.1 varnish',
26 silly get     age: '0',
26 silly get     'x-served-by': 'cache-ord1723-ORD',
26 silly get     'x-cache': 'MISS',
26 silly get     'x-cache-hits': '0',
26 silly get     'x-timer': 'S1427845267.718817,VS0,VE43',
26 silly get     'keep-alive': 'timeout=10, max=50',
26 silly get     connection: 'Keep-Alive' } ]
27 verbose stack Error: 404 Not Found: uiGmapgoogle-maps
27 verbose stack     at CachingRegistryClient.<anonymous> (/Users/jordan/.nvm/v0.11.16/lib/node_modules/npm/node_modules/npm-registry-client/lib/request.js:251:14)
27 verbose stack     at Request._callback (/Users/jordan/.nvm/v0.11.16/lib/node_modules/npm/node_modules/npm-registry-client/lib/request.js:178:14)
27 verbose stack     at Request.self.callback (/Users/jordan/.nvm/v0.11.16/lib/node_modules/npm/node_modules/request/request.js:373:22)
27 verbose stack     at Request.emit (events.js:110:17)
27 verbose stack     at Request.<anonymous> (/Users/jordan/.nvm/v0.11.16/lib/node_modules/npm/node_modules/request/request.js:1318:14)
27 verbose stack     at Request.emit (events.js:129:20)
27 verbose stack     at IncomingMessage.<anonymous> (/Users/jordan/.nvm/v0.11.16/lib/node_modules/npm/node_modules/request/request.js:1266:12)
27 verbose stack     at IncomingMessage.emit (events.js:129:20)
27 verbose stack     at _stream_readable.js:908:16
27 verbose stack     at process._tickCallback (node.js:355:11)
28 verbose statusCode 404
29 verbose pkgid uiGmapgoogle-maps
30 verbose cwd /Users/jordan/Repositories/Meet-Me-In-The-Middle
31 error Darwin 11.4.2
32 error argv "/Users/jordan/.nvm/v0.11.16/bin/node" "/Users/jordan/.nvm/v0.11.16/bin/npm" "install" "--save" "uiGmapgoogle-maps"
33 error node v0.11.16
34 error npm  v2.3.0
35 error code E404
36 error 404 Not Found: uiGmapgoogle-maps
36 error 404
36 error 404 'uiGmapgoogle-maps' is not in the npm registry.
36 error 404 You should bug the author to publish it (or use the name yourself!)
36 error 404 It was specified as a dependency of 'meet-me-in-the-middle'
36 error 404
36 error 404 Note that you can also install from a
36 error 404 tarball, folder, http url, or git url.
37 verbose exit [ 1, true ]
